2016-11-25 21:07:56,061 - logger.py:20-log/judger.log-start sandbox1 failed, and restart
2016-11-25 21:10:56,564 - logger.py:20-log/judger.log-start test_sandbox failed, and restart
2016-11-26 11:46:55,318 - logger.py:20-log/judger.log-start test_sandbox failed, and restart
2016-11-26 11:46:55,688 - logger.py:20-log/judger.log-[Judger Programming] start to check submission id = 19291
2016-11-26 11:56:51,112 - logger.py:20-log/judger.log-start test_sandbox failed, and restart
2016-11-26 11:56:51,435 - logger.py:20-log/judger.log-[Judger Programming] start to check submission id = 19291
2016-11-26 11:57:42,619 - logger.py:20-log/judger.log-start test_sandbox failed, and restart
2016-11-26 11:57:42,964 - logger.py:20-log/judger.log-[Judger Programming] start to check submission id = 19291
2016-11-26 11:58:07,875 - logger.py:20-log/judger.log-start test_sandbox failed, and restart
2016-11-26 11:58:08,243 - logger.py:20-log/judger.log-[Judger Programming] start to check submission id = 19291
2016-11-26 12:09:28,723 - logger.py:20-log/judger.log-start test_sandbox failed, and restart
2016-11-26 12:09:29,040 - logger.py:20-log/judger.log-[Judger Programming] start to check submission id = 19291
2016-11-26 12:14:04,344 - logger.py:20-log/judger.log-start test_sandbox failed, and restart
2016-11-26 12:14:04,681 - logger.py:20-log/judger.log-[Judger Programming] start to check submission id = 19291
2016-11-26 12:14:04,691 - logger.py:20-log/judger.log-[Judger Programming] checking submission id=19291,                             chekingstage=compile check, grading=0
2016-11-26 12:16:06,039 - logger.py:20-log/judger.log-start test_sandbox failed, and restart
2016-11-26 12:16:06,403 - logger.py:20-log/judger.log-[Judger Programming] start to check submission id = 19291
2016-11-26 12:16:18,174 - logger.py:20-log/judger.log-start test_sandbox failed, and restart
2016-11-26 12:16:18,514 - logger.py:20-log/judger.log-[Judger Programming] start to check submission id = 19291
2016-11-26 12:18:52,274 - logger.py:20-log/judger.log-[Judger Programming] start to check submission id = 19291
2016-11-26 12:19:49,359 - logger.py:20-log/judger.log-start test_sandbox failed, and restart
2016-11-26 12:19:49,699 - logger.py:20-log/judger.log-[Judger Programming] start to check submission id = 19291
2016-11-26 12:20:04,417 - logger.py:20-log/judger.log-[Judger Programming] start to check submission id = 19291
2016-11-26 12:20:18,323 - logger.py:20-log/judger.log-start test_sandbox failed, and restart
2016-11-26 12:20:18,655 - logger.py:20-log/judger.log-[Judger Programming] start to check submission id = 19291
2016-11-26 12:22:00,625 - logger.py:20-log/judger.log-[Judger Programming] start to check submission id = 19291
2016-11-26 12:23:50,187 - logger.py:20-log/judger.log-[Judger Programming] start to check submission id = 19291
2016-11-26 12:25:05,891 - logger.py:20-log/judger.log-[Judger Programming] start to check submission id = 19291
2016-11-26 12:25:05,898 - logger.py:20-log/judger.log-[Judger Programming] checking submission id=19291,                             chekingstage=compile check, grading=0
2016-11-26 12:25:38,929 - logger.py:20-log/judger.log-start test_sandbox failed, and restart
2016-11-26 12:25:39,286 - logger.py:20-log/judger.log-[Judger Programming] start to check submission id = 19291
2016-11-26 12:25:39,296 - logger.py:20-log/judger.log-[Judger Programming] checking submission id=19291,                             chekingstage=compile check, grading=0
2016-11-26 12:29:18,187 - logger.py:20-log/judger.log-[Judger Programming] start to check submission id = 19291
2016-11-26 12:29:18,197 - logger.py:20-log/judger.log-[Judger Programming] checking submission id=19291,                             chekingstage=compile check, grading=0
2016-11-26 12:32:50,528 - logger.py:20-log/judger.log-[Judger Programming] start to check submission id = 19291
2016-11-26 12:32:50,538 - logger.py:20-log/judger.log-[Judger Programming] checking submission id=19291,                             chekingstage=compile check, grading=0
2016-11-26 12:34:42,875 - logger.py:20-log/judger.log-[Judger Programming] start to check submission id = 19291
2016-11-26 12:34:42,883 - logger.py:20-log/judger.log-[Judger Programming] checking submission id=19291,                             chekingstage=compile check, grading=0
2016-11-26 12:35:41,222 - logger.py:20-log/judger.log-[Judger Programming] start to check submission id = 19291
2016-11-26 12:36:14,294 - logger.py:20-log/judger.log-start test_sandbox failed, and restart
2016-11-26 12:36:14,612 - logger.py:20-log/judger.log-[Judger Programming] start to check submission id = 19291
2016-11-26 12:36:15,069 - logger.py:20-log/judger.log-[Judger Programming] checking submission id=19291,                             chekingstage=compile check, grading=10
2016-11-26 12:46:55,439 - logger.py:20-log/judger.log-[Judger Programming] start to check submission id = 19291
2016-11-26 12:46:55,741 - logger.py:20-log/judger.log-[Judger Programming] checking submission id=19291,                             chekingstage=compile check, grading=10
2016-11-26 12:47:08,682 - logger.py:20-log/judger.log-[Judger Programming] start to check submission id = 19291
2016-11-26 12:47:08,977 - logger.py:20-log/judger.log-[Judger Programming] checking submission id=19291,                             chekingstage=compile check, grading=10
2016-11-26 12:56:49,460 - logger.py:20-log/judger.log-[Judger Programming] start to check submission id = 19291
2016-11-26 12:56:49,762 - logger.py:20-log/judger.log-[Judger Programming] checking submission id=19291,                             chekingstage=compile check, grading=10
2016-11-26 13:00:12,956 - logger.py:20-log/judger.log-[Judger Programming] start to check submission id = 19291
2016-11-26 13:00:13,239 - logger.py:20-log/judger.log-[Judger Programming] checking submission id=19291,                             chekingstage=compile check, grading=10
2016-11-26 13:02:03,847 - logger.py:20-log/judger.log-start test_sandbox failed, and restart
2016-11-26 13:02:04,210 - logger.py:20-log/judger.log-[Judger Programming] start to check submission id = 19291
2016-11-26 13:02:04,493 - logger.py:20-log/judger.log-[Judger Programming] checking submission id=19291,                             chekingstage=compile check, grading=10
2016-11-26 20:42:23,443 - logger.py:20-log/judger.log-[Judger Programming] start to check submission id = 19291
2016-11-26 20:42:23,881 - logger.py:20-log/judger.log-[Judger Programming] checking submission id=19291,                             chekingstage=compile check, grading=10
2016-11-26 20:49:40,110 - logger.py:20-log/judger.log-start test_sandbox failed, and restart
2016-11-26 20:49:40,427 - logger.py:20-log/judger.log-[Judger Programming] start to check submission id = 19291
2016-11-26 20:49:40,737 - logger.py:20-log/judger.log-[Judger Programming] checking submission id=19291,                             chekingstage=compile check, grading=10
2016-11-26 20:50:05,352 - logger.py:20-log/judger.log-start test_sandbox failed, and restart
2016-11-26 20:50:05,730 - logger.py:20-log/judger.log-[Judger Programming] start to check submission id = 19291
2016-11-26 20:50:06,013 - logger.py:20-log/judger.log-[Judger Programming] checking submission id=19291,                             chekingstage=compile check, grading=10
2016-11-26 20:53:23,879 - logger.py:20-log/judger.log-start test_sandbox failed, and restart
2016-11-26 20:53:24,231 - logger.py:20-log/judger.log-[Judger Programming] start to check submission id = 19291
2016-11-26 20:53:24,522 - logger.py:20-log/judger.log-[Judger Programming] checking submission id=19291,                             chekingstage=compile check, grading=10
2016-11-26 20:54:21,821 - logger.py:20-log/judger.log-start test_sandbox failed, and restart
2016-11-26 20:54:22,152 - logger.py:20-log/judger.log-[Judger Programming] start to check submission id = 19291
2016-11-26 20:54:22,455 - logger.py:20-log/judger.log-[Judger Programming] checking submission id=19291,                             chekingstage=compile check, grading=10
2016-11-26 20:54:45,059 - logger.py:20-log/judger.log-[Judger Programming] start to check submission id = 19291
2016-11-26 20:54:45,368 - logger.py:20-log/judger.log-[Judger Programming] checking submission id=19291,                             chekingstage=compile check, grading=10
2016-11-26 20:56:11,042 - logger.py:20-log/judger.log-[Judger Programming] start to check submission id = 19291
2016-11-26 20:56:11,339 - logger.py:20-log/judger.log-[Judger Programming] checking submission id=19291,                             chekingstage=compile check, grading=10
2016-11-26 20:56:36,978 - logger.py:20-log/judger.log-[Judger Programming] start to check submission id = 19291
2016-11-26 20:56:37,290 - logger.py:20-log/judger.log-[Judger Programming] checking submission id=19291,                             chekingstage=compile check, grading=10
2016-11-26 21:00:56,938 - logger.py:20-log/judger.log-start test_sandbox failed, and restart
2016-11-26 21:01:07,507 - logger.py:20-log/judger.log-[Judger Programming] start to check submission id = 19291
2016-11-26 21:01:07,811 - logger.py:20-log/judger.log-[Judger Programming] checking submission id=19291,                             chekingstage=compile check, grading=10
2016-11-26 21:08:25,400 - logger.py:20-log/judger.log-[Judger Programming] start to check submission id = 19291
2016-11-26 21:08:25,692 - logger.py:20-log/judger.log-[Judger Programming] checking submission id=19291,                             chekingstage=compile check, grading=10
2016-11-26 21:10:36,177 - logger.py:20-log/judger.log-[Judger Programming] start to check submission id = 19291
2016-11-26 21:10:36,475 - logger.py:20-log/judger.log-[Judger Programming] checking submission id=19291,                             chekingstage=compile check, grading=10
2016-11-26 21:10:36,738 - logger.py:20-log/judger.log-[Judger Programming] checking submission id=19291,                             chekingstage=standard tests, grading=0
2016-11-26 21:11:40,826 - logger.py:20-log/judger.log-[Judger Programming] start to check submission id = 19291
2016-11-26 21:11:41,130 - logger.py:20-log/judger.log-[Judger Programming] checking submission id=19291,                             chekingstage=compile check, grading=10
2016-11-26 21:11:41,406 - logger.py:20-log/judger.log-[Judger Programming] checking submission id=19291,                             chekingstage=standard tests, grading=0
